[naveen@centos7-eagle equinix]$ cat install.log 
Feb 15 06:10:01 install 
Feb 15 06:20:01 install
Feb 15 06:20:01 install
Feb 15 06:20:01 install
Feb 15 06:30:01 install
Feb 15 06:30:01 install
Feb 15 09:30:01 install
Feb 15 10:40:01 install
Feb 15 10:40:01 install
Feb 15 10:40:01 install
Feb 15 10:50:01 install
Feb 15 10:50:02 install
[naveen@centos7-eagle equinix]$ ./install.sh 
5
Install is allowed...
[naveen@centos7-eagle equinix]$ date
Mon Feb 15 11:12:27 PST 2021
[naveen@centos7-eagle equinix]$ cat install.sh
#!/bin/bash

count=`awk '$0>=from&&$0<=to' from="$(date +%b" "%d" "%H:%M:%S -d -1hour)" to="$(date +%b" "%d" "%H:%M:%S)" install.log  | grep install | wc -l`
echo $count

TOTAL_INSTALL_ALLOWED=5

if [[ $count -le $TOTAL_INSTALL_ALLOWED ]]
then
  echo "Install is allowed..."
else
  echo "Too many installs. Only $TOTAL_INSTALL_ALLOWED are allowed in 1 hr"
fi
